<!DOCTYPE html PUBLIC "-//W3C//DTD XHTML 1.1//EN" "https://www.w3.org/TR/xhtml11/DTD/xhtml11.dtd">
<html xmlns="https://www.w3.org/1999/xhtml">
<head>
<meta http-equiv="content-type" content="text/html; charset=UTF-8"/>
<title>TestNG Report</title>
<style type="text/css">table {margin-bottom:10px;border-collapse:collapse;empty-cells:show}th,td {border:1px solid #009;padding:.25em .5em}th {vertical-align:bottom}td {vertical-align:top}table a {font-weight:bold}.stripe td {background-color: #E6EBF9}.num {text-align:right}.passedodd td {background-color: #3F3}.passedeven td {background-color: #0A0}.skippedodd td {background-color: #DDD}.skippedeven td {background-color: #CCC}.failedodd td,.attn {background-color: #F33}.failedeven td,.stripe .attn {background-color: #D00}.stacktrace {white-space:pre;font-family:monospace}.totop {font-size:85%;text-align:center;border-bottom:2px solid #000}.invisible {display:none}</style>
</head>
<body>
<table>
<tr><th>Test</th><th># Passed</th><th># Skipped</th><th># Retried</th><th># Failed</th><th>Time (ms)</th><th>Included Groups</th><th>Excluded Groups</th></tr>
<tr><th colspan="8">Suite</th></tr>
<tr><td><a href="#t0">Test</a></td><td class="num">0</td><td class="num attn">10</td><td class="num">0</td><td class="num">0</td><td class="num">888</td><td></td><td></td></tr>
</table>
<table id='summary'><thead><tr><th>Class</th><th>Method</th><th>Start</th><th>Time (ms)</th></tr></thead><tbody><tr><th colspan="4">Suite</th></tr></tbody><tbody id="t0"><tr><th colspan="4">Test &#8212; failed (configuration methods)</th></tr><tr class="failedeven"><td rowspan="1">testCases.TC01_LaunchApplication</td><td><a href="#m0">openApp</a></td><td rowspan="1">1739920591297</td><td rowspan="1">-1739920591297</td></tr><tr class="failedodd"><td rowspan="1">testCases.TC02_Login</td><td><a href="#m1">openApp</a></td><td rowspan="1">1739920591309</td><td rowspan="1">-1739920591309</td></tr><tr class="failedeven"><td rowspan="1">testCases.TC03_AddToCart</td><td><a href="#m2">openApp</a></td><td rowspan="1">1739920591304</td><td rowspan="1">-1739920591304</td></tr><tr class="failedodd"><td rowspan="1">testCases.TC04_CompletePurchase</td><td><a href="#m3">openApp</a></td><td rowspan="1">1739920592112</td><td rowspan="1">-1739920592112</td></tr><tr class="failedeven"><td rowspan="1">testCases.TC05_AddAnItemToWishList</td><td><a href="#m4">openApp</a></td><td rowspan="1">1739920592104</td><td rowspan="1">-1739920592104</td></tr><tr class="failedodd"><td rowspan="1">testCases.TC06_PurchaseAGiftCertificate</td><td><a href="#m5">openApp</a></td><td rowspan="1">1739920591254</td><td rowspan="1">-1739920591254</td></tr><tr><th colspan="4">Test &#8212; skipped (configuration methods)</th></tr><tr class="skippedeven"><td rowspan="1">testCases.TC01_LaunchApplication</td><td><a href="#m6">closeApp</a></td><td rowspan="1">1739920591303</td><td rowspan="1">0</td></tr><tr class="skippedodd"><td rowspan="1">testCases.TC02_Login</td><td><a href="#m7">closeApp</a></td><td rowspan="1">1739920592102</td><td rowspan="1">0</td></tr><tr class="skippedeven"><td rowspan="1">testCases.TC03_AddToCart</td><td><a href="#m8">closeApp</a></td><td rowspan="1">1739920591308</td><td rowspan="1">0</td></tr><tr class="skippedodd"><td rowspan="1">testCases.TC04_CompletePurchase</td><td><a href="#m9">closeApp</a></td><td rowspan="1">1739920592116</td><td rowspan="1">0</td></tr><tr class="skippedeven"><td rowspan="1">testCases.TC05_AddAnItemToWishList</td><td><a href="#m10">closeApp</a></td><td rowspan="1">1739920592110</td><td rowspan="1">0</td></tr><tr class="skippedodd"><td rowspan="1">testCases.TC06_PurchaseAGiftCertificate</td><td><a href="#m11">closeApp</a></td><td rowspan="1">1739920591294</td><td rowspan="1">0</td></tr><tr><th colspan="4">Test &#8212; skipped</th></tr><tr class="skippedeven"><td rowspan="1">testCases.TC01_LaunchApplication</td><td><a href="#m12">testLaunchApplication</a></td><td rowspan="1">1739920591300</td><td rowspan="1">0</td></tr><tr class="skippedodd"><td rowspan="5">testCases.TC02_Login</td><td><a href="#m13">testLogin</a></td><td rowspan="5">1739920592091</td><td rowspan="5">0</td></tr><tr class="skippedodd"><td><a href="#m14">testLogin</a></td></tr><tr class="skippedodd"><td><a href="#m15">testLogin</a></td></tr><tr class="skippedodd"><td><a href="#m16">testLogin</a></td></tr><tr class="skippedodd"><td><a href="#m17">testLogin</a></td></tr><tr class="skippedeven"><td rowspan="1">testCases.TC03_AddToCart</td><td><a href="#m18">testAddToCart</a></td><td rowspan="1">1739920591306</td><td rowspan="1">0</td></tr><tr class="skippedodd"><td rowspan="1">testCases.TC04_CompletePurchase</td><td><a href="#m19">testCompletePurchase</a></td><td rowspan="1">1739920592114</td><td rowspan="1">0</td></tr><tr class="skippedeven"><td rowspan="1">testCases.TC05_AddAnItemToWishList</td><td><a href="#m20">testAddToWishList</a></td><td rowspan="1">1739920592108</td><td rowspan="1">0</td></tr><tr class="skippedodd"><td rowspan="1">testCases.TC06_PurchaseAGiftCertificate</td><td><a href="#m21">testPurchaseAGiftCertificate</a></td><td rowspan="1">1739920591283</td><td rowspan="1">0</td></tr></tbody>
</table>
<h2>Test</h2><h3 id="m0">testCases.TC01_LaunchApplication#openApp</h3><table class="result"><tr><th>Exception</th></tr><tr><td><div class="stacktrace">org.testng.TestNGException: 
Parameter &apos;os&apos; is required by BeforeClass on method openApp but has not been marked @Optional or defined
in C:\Users\dilji\Pictures\QA Automation Training needs and Softwares\NinjaV5.2\NinjaV5.2\testng.xml
	at java.base/java.util.ArrayList.forEach(ArrayList.java:1597)
... Removed 22 stack frames</div></td></tr></table><p class="totop"><a href="#summary">back to summary</a></p>
<h3 id="m1">testCases.TC02_Login#openApp</h3><table class="result"><tr><th>Exception</th></tr><tr><td><div class="stacktrace">org.testng.TestNGException: 
Parameter &apos;os&apos; is required by BeforeClass on method openApp but has not been marked @Optional or defined
in C:\Users\dilji\Pictures\QA Automation Training needs and Softwares\NinjaV5.2\NinjaV5.2\testng.xml
	at java.base/java.util.ArrayList.forEach(ArrayList.java:1597)
... Removed 22 stack frames</div></td></tr></table><p class="totop"><a href="#summary">back to summary</a></p>
<h3 id="m2">testCases.TC03_AddToCart#openApp</h3><table class="result"><tr><th>Exception</th></tr><tr><td><div class="stacktrace">org.testng.TestNGException: 
Parameter &apos;os&apos; is required by BeforeClass on method openApp but has not been marked @Optional or defined
in C:\Users\dilji\Pictures\QA Automation Training needs and Softwares\NinjaV5.2\NinjaV5.2\testng.xml
	at java.base/java.util.ArrayList.forEach(ArrayList.java:1597)
... Removed 22 stack frames</div></td></tr></table><p class="totop"><a href="#summary">back to summary</a></p>
<h3 id="m3">testCases.TC04_CompletePurchase#openApp</h3><table class="result"><tr><th>Exception</th></tr><tr><td><div class="stacktrace">org.testng.TestNGException: 
Parameter &apos;os&apos; is required by BeforeClass on method openApp but has not been marked @Optional or defined
in C:\Users\dilji\Pictures\QA Automation Training needs and Softwares\NinjaV5.2\NinjaV5.2\testng.xml
	at java.base/java.util.ArrayList.forEach(ArrayList.java:1597)
... Removed 22 stack frames</div></td></tr></table><p class="totop"><a href="#summary">back to summary</a></p>
<h3 id="m4">testCases.TC05_AddAnItemToWishList#openApp</h3><table class="result"><tr><th>Exception</th></tr><tr><td><div class="stacktrace">org.testng.TestNGException: 
Parameter &apos;os&apos; is required by BeforeClass on method openApp but has not been marked @Optional or defined
in C:\Users\dilji\Pictures\QA Automation Training needs and Softwares\NinjaV5.2\NinjaV5.2\testng.xml
	at java.base/java.util.ArrayList.forEach(ArrayList.java:1597)
... Removed 22 stack frames</div></td></tr></table><p class="totop"><a href="#summary">back to summary</a></p>
<h3 id="m5">testCases.TC06_PurchaseAGiftCertificate#openApp</h3><table class="result"><tr><th>Exception</th></tr><tr><td><div class="stacktrace">org.testng.TestNGException: 
Parameter &apos;os&apos; is required by BeforeClass on method openApp but has not been marked @Optional or defined
in C:\Users\dilji\Pictures\QA Automation Training needs and Softwares\NinjaV5.2\NinjaV5.2\testng.xml
	at java.base/java.util.ArrayList.forEach(ArrayList.java:1597)
... Removed 22 stack frames</div></td></tr></table><p class="totop"><a href="#summary">back to summary</a></p>
<h3 id="m6">testCases.TC01_LaunchApplication#closeApp</h3><table class="result"><tr><th class="invisible"/></tr></table><p class="totop"><a href="#summary">back to summary</a></p>
<h3 id="m7">testCases.TC02_Login#closeApp</h3><table class="result"><tr><th class="invisible"/></tr></table><p class="totop"><a href="#summary">back to summary</a></p>
<h3 id="m8">testCases.TC03_AddToCart#closeApp</h3><table class="result"><tr><th class="invisible"/></tr></table><p class="totop"><a href="#summary">back to summary</a></p>
<h3 id="m9">testCases.TC04_CompletePurchase#closeApp</h3><table class="result"><tr><th class="invisible"/></tr></table><p class="totop"><a href="#summary">back to summary</a></p>
<h3 id="m10">testCases.TC05_AddAnItemToWishList#closeApp</h3><table class="result"><tr><th class="invisible"/></tr></table><p class="totop"><a href="#summary">back to summary</a></p>
<h3 id="m11">testCases.TC06_PurchaseAGiftCertificate#closeApp</h3><table class="result"><tr><th class="invisible"/></tr></table><p class="totop"><a href="#summary">back to summary</a></p>
<h3 id="m12">testCases.TC01_LaunchApplication#testLaunchApplication</h3><table class="result"><tr><th>Exception</th></tr><tr><td><div class="stacktrace">org.testng.TestNGException: 
Parameter &apos;os&apos; is required by BeforeClass on method openApp but has not been marked @Optional or defined
in C:\Users\dilji\Pictures\QA Automation Training needs and Softwares\NinjaV5.2\NinjaV5.2\testng.xml
	at java.base/java.util.ArrayList.forEach(ArrayList.java:1597)
... Removed 22 stack frames</div></td></tr></table><p class="totop"><a href="#summary">back to summary</a></p>
<h3 id="m13">testCases.TC02_Login#testLogin</h3><table class="result"><tr class="param"><th>Parameter #1</th><th>Parameter #2</th></tr><tr class="param stripe"><td>test121@test.com</td><td>test123</td></tr><tr><th colspan="2">Exception</th></tr><tr><td colspan="2"><div class="stacktrace">org.testng.TestNGException: 
Parameter &apos;os&apos; is required by BeforeClass on method openApp but has not been marked @Optional or defined
in C:\Users\dilji\Pictures\QA Automation Training needs and Softwares\NinjaV5.2\NinjaV5.2\testng.xml
	at java.base/java.util.ArrayList.forEach(ArrayList.java:1597)
... Removed 22 stack frames</div></td></tr></table><p class="totop"><a href="#summary">back to summary</a></p>
<h3 id="m14">testCases.TC02_Login#testLogin</h3><table class="result"><tr class="param"><th>Parameter #1</th><th>Parameter #2</th></tr><tr class="param stripe"><td>shalaka.dongre@gmail.com</td><td>Test123!</td></tr><tr><th colspan="2">Exception</th></tr><tr><td colspan="2"><div class="stacktrace">org.testng.TestNGException: 
Parameter &apos;os&apos; is required by BeforeClass on method openApp but has not been marked @Optional or defined
in C:\Users\dilji\Pictures\QA Automation Training needs and Softwares\NinjaV5.2\NinjaV5.2\testng.xml
	at java.base/java.util.ArrayList.forEach(ArrayList.java:1597)
... Removed 22 stack frames</div></td></tr></table><p class="totop"><a href="#summary">back to summary</a></p>
<h3 id="m15">testCases.TC02_Login#testLogin</h3><table class="result"><tr class="param"><th>Parameter #1</th><th>Parameter #2</th></tr><tr class="param stripe"><td>sid@cloudberry.services</td><td>Test123</td></tr><tr><th colspan="2">Exception</th></tr><tr><td colspan="2"><div class="stacktrace">org.testng.TestNGException: 
Parameter &apos;os&apos; is required by BeforeClass on method openApp but has not been marked @Optional or defined
in C:\Users\dilji\Pictures\QA Automation Training needs and Softwares\NinjaV5.2\NinjaV5.2\testng.xml
	at java.base/java.util.ArrayList.forEach(ArrayList.java:1597)
... Removed 22 stack frames</div></td></tr></table><p class="totop"><a href="#summary">back to summary</a></p>
<h3 id="m16">testCases.TC02_Login#testLogin</h3><table class="result"><tr class="param"><th>Parameter #1</th><th>Parameter #2</th></tr><tr class="param stripe"><td>goodmorning@gmail.com</td><td>test@1234</td></tr><tr><th colspan="2">Exception</th></tr><tr><td colspan="2"><div class="stacktrace">org.testng.TestNGException: 
Parameter &apos;os&apos; is required by BeforeClass on method openApp but has not been marked @Optional or defined
in C:\Users\dilji\Pictures\QA Automation Training needs and Softwares\NinjaV5.2\NinjaV5.2\testng.xml
	at java.base/java.util.ArrayList.forEach(ArrayList.java:1597)
... Removed 22 stack frames</div></td></tr></table><p class="totop"><a href="#summary">back to summary</a></p>
<h3 id="m17">testCases.TC02_Login#testLogin</h3><table class="result"><tr class="param"><th>Parameter #1</th><th>Parameter #2</th></tr><tr class="param stripe"><td>otisdog22@yahoo.com</td><td>1234QWERT</td></tr><tr><th colspan="2">Exception</th></tr><tr><td colspan="2"><div class="stacktrace">org.testng.TestNGException: 
Parameter &apos;os&apos; is required by BeforeClass on method openApp but has not been marked @Optional or defined
in C:\Users\dilji\Pictures\QA Automation Training needs and Softwares\NinjaV5.2\NinjaV5.2\testng.xml
	at java.base/java.util.ArrayList.forEach(ArrayList.java:1597)
... Removed 22 stack frames</div></td></tr></table><p class="totop"><a href="#summary">back to summary</a></p>
<h3 id="m18">testCases.TC03_AddToCart#testAddToCart</h3><table class="result"><tr><th>Exception</th></tr><tr><td><div class="stacktrace">org.testng.TestNGException: 
Parameter &apos;os&apos; is required by BeforeClass on method openApp but has not been marked @Optional or defined
in C:\Users\dilji\Pictures\QA Automation Training needs and Softwares\NinjaV5.2\NinjaV5.2\testng.xml
	at java.base/java.util.ArrayList.forEach(ArrayList.java:1597)
... Removed 22 stack frames</div></td></tr></table><p class="totop"><a href="#summary">back to summary</a></p>
<h3 id="m19">testCases.TC04_CompletePurchase#testCompletePurchase</h3><table class="result"><tr><th>Exception</th></tr><tr><td><div class="stacktrace">org.testng.TestNGException: 
Parameter &apos;os&apos; is required by BeforeClass on method openApp but has not been marked @Optional or defined
in C:\Users\dilji\Pictures\QA Automation Training needs and Softwares\NinjaV5.2\NinjaV5.2\testng.xml
	at java.base/java.util.ArrayList.forEach(ArrayList.java:1597)
... Removed 22 stack frames</div></td></tr></table><p class="totop"><a href="#summary">back to summary</a></p>
<h3 id="m20">testCases.TC05_AddAnItemToWishList#testAddToWishList</h3><table class="result"><tr><th>Exception</th></tr><tr><td><div class="stacktrace">org.testng.TestNGException: 
Parameter &apos;os&apos; is required by BeforeClass on method openApp but has not been marked @Optional or defined
in C:\Users\dilji\Pictures\QA Automation Training needs and Softwares\NinjaV5.2\NinjaV5.2\testng.xml
	at java.base/java.util.ArrayList.forEach(ArrayList.java:1597)
... Removed 22 stack frames</div></td></tr></table><p class="totop"><a href="#summary">back to summary</a></p>
<h3 id="m21">testCases.TC06_PurchaseAGiftCertificate#testPurchaseAGiftCertificate</h3><table class="result"><tr><th>Exception</th></tr><tr><td><div class="stacktrace">org.testng.TestNGException: 
Parameter &apos;os&apos; is required by BeforeClass on method openApp but has not been marked @Optional or defined
in C:\Users\dilji\Pictures\QA Automation Training needs and Softwares\NinjaV5.2\NinjaV5.2\testng.xml
	at java.base/java.util.ArrayList.forEach(ArrayList.java:1597)
... Removed 22 stack frames</div></td></tr></table><p class="totop"><a href="#summary">back to summary</a></p>
</body>
</html>
